c:\users\hasse\dropbox\skolarbeten\programmering c++\del 2\projekt\klassdiagram\genererad kod\spelprojekt\spelprojekt\debug\vc120.pdb
c:\users\hasse\dropbox\skolarbeten\programmering c++\del 2\projekt\klassdiagram\genererad kod\spelprojekt\spelprojekt\debug\vc120.idb
c:\users\hasse\dropbox\skolarbeten\programmering c++\del 2\projekt\klassdiagram\genererad kod\spelprojekt\spelprojekt\debug\champion.obj
c:\users\hasse\dropbox\skolarbeten\programmering c++\del 2\projekt\klassdiagram\genererad kod\spelprojekt\spelprojekt\debug\container.obj
c:\users\hasse\dropbox\skolarbeten\programmering c++\del 2\projekt\klassdiagram\genererad kod\spelprojekt\spelprojekt\debug\gamemode.obj
c:\users\hasse\dropbox\skolarbeten\programmering c++\del 2\projekt\klassdiagram\genererad kod\spelprojekt\spelprojekt\debug\main.obj
c:\users\hasse\dropbox\skolarbeten\programmering c++\del 2\projekt\klassdiagram\genererad kod\spelprojekt\spelprojekt\debug\team.obj
c:\users\hasse\dropbox\skolarbeten\programmering c++\del 2\projekt\klassdiagram\genererad kod\spelprojekt\spelprojekt\debug\player.obj
c:\users\hasse\dropbox\skolarbeten\programmering c++\del 2\projekt\klassdiagram\genererad kod\spelprojekt\spelprojekt\debug\rangechamp.obj
c:\users\hasse\dropbox\skolarbeten\programmering c++\del 2\projekt\klassdiagram\genererad kod\spelprojekt\spelprojekt\debug\meelechamp.obj
c:\users\hasse\dropbox\skolarbeten\programmering c++\del 2\projekt\klassdiagram\genererad kod\spelprojekt\debug\spelprojekt.ilk
c:\users\hasse\dropbox\skolarbeten\programmering c++\del 2\projekt\klassdiagram\genererad kod\spelprojekt\debug\spelprojekt.exe
c:\users\hasse\dropbox\skolarbeten\programmering c++\del 2\projekt\klassdiagram\genererad kod\spelprojekt\debug\spelprojekt.pdb
c:\users\mohamed\dropbox\skolarbeten\programmering c++\del 2\projekt\klassdiagram\genererad kod\spelprojekt\spelprojekt\debug\champion.obj
c:\users\mohamed\dropbox\skolarbeten\programmering c++\del 2\projekt\klassdiagram\genererad kod\spelprojekt\spelprojekt\debug\container.obj
c:\users\mohamed\dropbox\skolarbeten\programmering c++\del 2\projekt\klassdiagram\genererad kod\spelprojekt\spelprojekt\debug\gamemode.obj
c:\users\mohamed\dropbox\skolarbeten\programmering c++\del 2\projekt\klassdiagram\genererad kod\spelprojekt\spelprojekt\debug\main.obj
c:\users\mohamed\dropbox\skolarbeten\programmering c++\del 2\projekt\klassdiagram\genererad kod\spelprojekt\spelprojekt\debug\meelechamp.obj
c:\users\mohamed\dropbox\skolarbeten\programmering c++\del 2\projekt\klassdiagram\genererad kod\spelprojekt\spelprojekt\debug\player.obj
c:\users\mohamed\dropbox\skolarbeten\programmering c++\del 2\projekt\klassdiagram\genererad kod\spelprojekt\spelprojekt\debug\rangechamp.obj
c:\users\mohamed\dropbox\skolarbeten\programmering c++\del 2\projekt\klassdiagram\genererad kod\spelprojekt\spelprojekt\debug\team.obj
c:\users\mohamed\dropbox\skolarbeten\programmering c++\del 2\projekt\klassdiagram\genererad kod\spelprojekt\spelprojekt\debug\vc120.idb
c:\users\mohamed\dropbox\skolarbeten\programmering c++\del 2\projekt\klassdiagram\genererad kod\spelprojekt\spelprojekt\debug\vc120.pdb
c:\users\mohamed\dropbox\skolarbeten\programmering c++\del 2\projekt\klassdiagram\genererad kod\spelprojekt\debug\spelprojekt.pdb
c:\users\mohamed\dropbox\skolarbeten\programmering c++\del 2\projekt\klassdiagram\genererad kod\spelprojekt\debug\spelprojekt.exe
c:\users\mohamed\dropbox\skolarbeten\programmering c++\del 2\projekt\klassdiagram\genererad kod\spelprojekt\debug\spelprojekt.ilk
c:\users\mohamed\dropbox\skolarbeten\programmering c++\del 2\projekt\klassdiagram\genererad kod\spelprojekt\spelprojekt\debug\spelprojekt.tlog\cl.command.1.tlog
c:\users\mohamed\dropbox\skolarbeten\programmering c++\del 2\projekt\klassdiagram\genererad kod\spelprojekt\spelprojekt\debug\spelprojekt.tlog\cl.read.1.tlog
c:\users\mohamed\dropbox\skolarbeten\programmering c++\del 2\projekt\klassdiagram\genererad kod\spelprojekt\spelprojekt\debug\spelprojekt.tlog\cl.write.1.tlog
c:\users\mohamed\dropbox\skolarbeten\programmering c++\del 2\projekt\klassdiagram\genererad kod\spelprojekt\spelprojekt\debug\spelprojekt.tlog\link.command.1.tlog
c:\users\mohamed\dropbox\skolarbeten\programmering c++\del 2\projekt\klassdiagram\genererad kod\spelprojekt\spelprojekt\debug\spelprojekt.tlog\link.read.1.tlog
c:\users\mohamed\dropbox\skolarbeten\programmering c++\del 2\projekt\klassdiagram\genererad kod\spelprojekt\spelprojekt\debug\spelprojekt.tlog\link.write.1.tlog
